<?xml version="1.0" encoding="UTF-8"?>
<!-- Generated by org.testng.reporters.JUnitReportReporter -->
<testsuite hostname="DESKTOP-4VC4PCR" failures="0" tests="4" name="api.test.CardTests" time="5.454" errors="0" timestamp="2023-11-07T23:26:34 EET" skipped="0">
  <testcase classname="api.test.CardTests" name="testPostUser" time="3.704"/>
  <system-out/>
  <testcase classname="api.test.CardTests" name="testGetCardByID" time="0.492"/>
  <system-out/>
  <testcase classname="api.test.CardTests" name="testUpdateCardById" time="0.509"/>
  <system-out/>
  <testcase classname="api.test.CardTests" name="testDeleteCard" time="0.749"/>
  <system-out/>
</testsuite> <!-- api.test.CardTests -->
